2025-04-28 22:00:27,265 - WARNING - /Users/rayhanjamasi/Downloads/CrewAI Chatbot/crewai_knowledge_chatbot/.venv/lib/python3.12/site-packages/mem0/client/main.py:32: DeprecationWarning: output_format='v1.0' is deprecated therefore setting it to 'v1.1' by default.Check out the docs for more information: https://docs.mem0.ai/platform/quickstart#4-1-create-memories
  return func(*args, **kwargs)

2025-04-29 08:27:47,439 - WARNING - /Users/rayhanjamasi/Downloads/CrewAI Chatbot/crewai_knowledge_chatbot/.venv/lib/python3.12/site-packages/mem0/client/main.py:32: DeprecationWarning: output_format='v1.0' is deprecated therefore setting it to 'v1.1' by default.Check out the docs for more information: https://docs.mem0.ai/platform/quickstart#4-1-create-memories
  return func(*args, **kwargs)

2025-04-29 08:30:50,690 - WARNING - /Users/rayhanjamasi/Downloads/CrewAI Chatbot/crewai_knowledge_chatbot/.venv/lib/python3.12/site-packages/mem0/client/main.py:32: DeprecationWarning: output_format='v1.0' is deprecated therefore setting it to 'v1.1' by default.Check out the docs for more information: https://docs.mem0.ai/platform/quickstart#4-1-create-memories
  return func(*args, **kwargs)

2025-04-29 08:31:32,953 - WARNING - /Users/rayhanjamasi/Downloads/CrewAI Chatbot/crewai_knowledge_chatbot/.venv/lib/python3.12/site-packages/mem0/client/main.py:32: DeprecationWarning: output_format='v1.0' is deprecated therefore setting it to 'v1.1' by default.Check out the docs for more information: https://docs.mem0.ai/platform/quickstart#4-1-create-memories
  return func(*args, **kwargs)

2025-04-29 08:32:56,179 - WARNING - /Users/rayhanjamasi/Downloads/CrewAI Chatbot/crewai_knowledge_chatbot/.venv/lib/python3.12/site-packages/mem0/client/main.py:32: DeprecationWarning: output_format='v1.0' is deprecated therefore setting it to 'v1.1' by default.Check out the docs for more information: https://docs.mem0.ai/platform/quickstart#4-1-create-memories
  return func(*args, **kwargs)

2025-04-29 08:34:00,013 - WARNING - /Users/rayhanjamasi/Downloads/CrewAI Chatbot/crewai_knowledge_chatbot/.venv/lib/python3.12/site-packages/mem0/client/main.py:32: DeprecationWarning: output_format='v1.0' is deprecated therefore setting it to 'v1.1' by default.Check out the docs for more information: https://docs.mem0.ai/platform/quickstart#4-1-create-memories
  return func(*args, **kwargs)

2025-04-29 08:35:32,427 - WARNING - /Users/rayhanjamasi/Downloads/CrewAI Chatbot/crewai_knowledge_chatbot/.venv/lib/python3.12/site-packages/mem0/client/main.py:32: DeprecationWarning: output_format='v1.0' is deprecated therefore setting it to 'v1.1' by default.Check out the docs for more information: https://docs.mem0.ai/platform/quickstart#4-1-create-memories
  return func(*args, **kwargs)

2025-04-29 08:35:59,915 - WARNING - /Users/rayhanjamasi/Downloads/CrewAI Chatbot/crewai_knowledge_chatbot/.venv/lib/python3.12/site-packages/mem0/client/main.py:32: DeprecationWarning: output_format='v1.0' is deprecated therefore setting it to 'v1.1' by default.Check out the docs for more information: https://docs.mem0.ai/platform/quickstart#4-1-create-memories
  return func(*args, **kwargs)

2025-04-29 08:36:33,690 - WARNING - /Users/rayhanjamasi/Downloads/CrewAI Chatbot/crewai_knowledge_chatbot/.venv/lib/python3.12/site-packages/mem0/client/main.py:32: DeprecationWarning: output_format='v1.0' is deprecated therefore setting it to 'v1.1' by default.Check out the docs for more information: https://docs.mem0.ai/platform/quickstart#4-1-create-memories
  return func(*args, **kwargs)

2025-04-29 08:38:10,765 - WARNING - /Users/rayhanjamasi/Downloads/CrewAI Chatbot/crewai_knowledge_chatbot/.venv/lib/python3.12/site-packages/mem0/client/main.py:32: DeprecationWarning: output_format='v1.0' is deprecated therefore setting it to 'v1.1' by default.Check out the docs for more information: https://docs.mem0.ai/platform/quickstart#4-1-create-memories
  return func(*args, **kwargs)

2025-04-29 08:39:03,615 - WARNING - /Users/rayhanjamasi/Downloads/CrewAI Chatbot/crewai_knowledge_chatbot/.venv/lib/python3.12/site-packages/mem0/client/main.py:32: DeprecationWarning: output_format='v1.0' is deprecated therefore setting it to 'v1.1' by default.Check out the docs for more information: https://docs.mem0.ai/platform/quickstart#4-1-create-memories
  return func(*args, **kwargs)

2025-04-29 08:56:53,615 - WARNING - /Users/rayhanjamasi/Downloads/CrewAI Chatbot/crewai_knowledge_chatbot/.venv/lib/python3.12/site-packages/mem0/client/main.py:32: DeprecationWarning: output_format='v1.0' is deprecated therefore setting it to 'v1.1' by default.Check out the docs for more information: https://docs.mem0.ai/platform/quickstart#4-1-create-memories
  return func(*args, **kwargs)

2025-04-29 08:57:50,789 - WARNING - /Users/rayhanjamasi/Downloads/CrewAI Chatbot/crewai_knowledge_chatbot/.venv/lib/python3.12/site-packages/mem0/client/main.py:32: DeprecationWarning: output_format='v1.0' is deprecated therefore setting it to 'v1.1' by default.Check out the docs for more information: https://docs.mem0.ai/platform/quickstart#4-1-create-memories
  return func(*args, **kwargs)

2025-04-29 08:58:27,531 - WARNING - /Users/rayhanjamasi/Downloads/CrewAI Chatbot/crewai_knowledge_chatbot/.venv/lib/python3.12/site-packages/mem0/client/main.py:32: DeprecationWarning: output_format='v1.0' is deprecated therefore setting it to 'v1.1' by default.Check out the docs for more information: https://docs.mem0.ai/platform/quickstart#4-1-create-memories
  return func(*args, **kwargs)

2025-04-29 09:18:45,583 - WARNING - /Users/rayhanjamasi/Downloads/CrewAI Chatbot/crewai_knowledge_chatbot/.venv/lib/python3.12/site-packages/mem0/client/main.py:32: DeprecationWarning: output_format='v1.0' is deprecated therefore setting it to 'v1.1' by default.Check out the docs for more information: https://docs.mem0.ai/platform/quickstart#4-1-create-memories
  return func(*args, **kwargs)

2025-04-29 09:19:22,355 - WARNING - /Users/rayhanjamasi/Downloads/CrewAI Chatbot/crewai_knowledge_chatbot/.venv/lib/python3.12/site-packages/mem0/client/main.py:32: DeprecationWarning: output_format='v1.0' is deprecated therefore setting it to 'v1.1' by default.Check out the docs for more information: https://docs.mem0.ai/platform/quickstart#4-1-create-memories
  return func(*args, **kwargs)

2025-04-29 09:19:58,661 - WARNING - /Users/rayhanjamasi/Downloads/CrewAI Chatbot/crewai_knowledge_chatbot/.venv/lib/python3.12/site-packages/mem0/client/main.py:32: DeprecationWarning: output_format='v1.0' is deprecated therefore setting it to 'v1.1' by default.Check out the docs for more information: https://docs.mem0.ai/platform/quickstart#4-1-create-memories
  return func(*args, **kwargs)

2025-04-29 11:15:08,910 - ERROR - Exception while exporting Span batch.
Traceback (most recent call last):
  File "/Users/rayhanjamasi/Downloads/CrewAI Chatbot/crewai_knowledge_chatbot/.venv/lib/python3.12/site-packages/urllib3/connectionpool.py", line 534, in _make_request
    response = conn.getresponse()
               ^^^^^^^^^^^^^^^^^^
  File "/Users/rayhanjamasi/Downloads/CrewAI Chatbot/crewai_knowledge_chatbot/.venv/lib/python3.12/site-packages/urllib3/connection.py", line 516, in getresponse
    httplib_response = super().getresponse()
                       ^^^^^^^^^^^^^^^^^^^^^
  File "/Library/Frameworks/Python.framework/Versions/3.12/lib/python3.12/http/client.py", line 1419, in getresponse
    response.begin()
  File "/Library/Frameworks/Python.framework/Versions/3.12/lib/python3.12/http/client.py", line 331, in begin
    version, status, reason = self._read_status()
                              ^^^^^^^^^^^^^^^^^^^
  File "/Library/Frameworks/Python.framework/Versions/3.12/lib/python3.12/http/client.py", line 292, in _read_status
    line = str(self.fp.readline(_MAXLINE + 1), "iso-8859-1")
               ^^^^^^^^^^^^^^^^^^^^^^^^^^^^^^
  File "/Library/Frameworks/Python.framework/Versions/3.12/lib/python3.12/socket.py", line 707, in readinto
    return self._sock.recv_into(b)
           ^^^^^^^^^^^^^^^^^^^^^^^
  File "/Library/Frameworks/Python.framework/Versions/3.12/lib/python3.12/ssl.py", line 1253, in recv_into
    return self.read(nbytes, buffer)
           ^^^^^^^^^^^^^^^^^^^^^^^^^
  File "/Library/Frameworks/Python.framework/Versions/3.12/lib/python3.12/ssl.py", line 1105, in read
    return self._sslobj.read(len, buffer)
           ^^^^^^^^^^^^^^^^^^^^^^^^^^^^^^
TimeoutError: The read operation timed out

The above exception was the direct cause of the following exception:

Traceback (most recent call last):
  File "/Users/rayhanjamasi/Downloads/CrewAI Chatbot/crewai_knowledge_chatbot/.venv/lib/python3.12/site-packages/requests/adapters.py", line 667, in send
    resp = conn.urlopen(
           ^^^^^^^^^^^^^
  File "/Users/rayhanjamasi/Downloads/CrewAI Chatbot/crewai_knowledge_chatbot/.venv/lib/python3.12/site-packages/urllib3/connectionpool.py", line 841, in urlopen
    retries = retries.increment(
              ^^^^^^^^^^^^^^^^^^
  File "/Users/rayhanjamasi/Downloads/CrewAI Chatbot/crewai_knowledge_chatbot/.venv/lib/python3.12/site-packages/urllib3/util/retry.py", line 474, in increment
    raise reraise(type(error), error, _stacktrace)
          ^^^^^^^^^^^^^^^^^^^^^^^^^^^^^^^^^^^^^^^^
  File "/Users/rayhanjamasi/Downloads/CrewAI Chatbot/crewai_knowledge_chatbot/.venv/lib/python3.12/site-packages/urllib3/util/util.py", line 39, in reraise
    raise value
  File "/Users/rayhanjamasi/Downloads/CrewAI Chatbot/crewai_knowledge_chatbot/.venv/lib/python3.12/site-packages/urllib3/connectionpool.py", line 787, in urlopen
    response = self._make_request(
               ^^^^^^^^^^^^^^^^^^^
  File "/Users/rayhanjamasi/Downloads/CrewAI Chatbot/crewai_knowledge_chatbot/.venv/lib/python3.12/site-packages/urllib3/connectionpool.py", line 536, in _make_request
    self._raise_timeout(err=e, url=url, timeout_value=read_timeout)
  File "/Users/rayhanjamasi/Downloads/CrewAI Chatbot/crewai_knowledge_chatbot/.venv/lib/python3.12/site-packages/urllib3/connectionpool.py", line 367, in _raise_timeout
    raise ReadTimeoutError(
urllib3.exceptions.ReadTimeoutError: HTTPSConnectionPool(host='telemetry.crewai.com', port=4319): Read timed out. (read timeout=30)

During handling of the above exception, another exception occurred:

Traceback (most recent call last):
  File "/Users/rayhanjamasi/Downloads/CrewAI Chatbot/crewai_knowledge_chatbot/.venv/lib/python3.12/site-packages/opentelemetry/sdk/trace/export/__init__.py", line 360, in _export_batch
    self.span_exporter.export(self.spans_list[:idx])  # type: ignore
    ^^^^^^^^^^^^^^^^^^^^^^^^^^^^^^^^^^^^^^^^^^^^^^^^
  File "/Users/rayhanjamasi/Downloads/CrewAI Chatbot/crewai_knowledge_chatbot/.venv/lib/python3.12/site-packages/opentelemetry/exporter/otlp/proto/http/trace_exporter/__init__.py", line 189, in export
    return self._export_serialized_spans(serialized_data)
           ^^^^^^^^^^^^^^^^^^^^^^^^^^^^^^^^^^^^^^^^^^^^^^
  File "/Users/rayhanjamasi/Downloads/CrewAI Chatbot/crewai_knowledge_chatbot/.venv/lib/python3.12/site-packages/opentelemetry/exporter/otlp/proto/http/trace_exporter/__init__.py", line 159, in _export_serialized_spans
    resp = self._export(serialized_data)
           ^^^^^^^^^^^^^^^^^^^^^^^^^^^^^
  File "/Users/rayhanjamasi/Downloads/CrewAI Chatbot/crewai_knowledge_chatbot/.venv/lib/python3.12/site-packages/opentelemetry/exporter/otlp/proto/http/trace_exporter/__init__.py", line 133, in _export
    return self._session.post(
           ^^^^^^^^^^^^^^^^^^^
  File "/Users/rayhanjamasi/Downloads/CrewAI Chatbot/crewai_knowledge_chatbot/.venv/lib/python3.12/site-packages/requests/sessions.py", line 637, in post
    return self.request("POST", url, data=data, json=json, **kwargs)
           ^^^^^^^^^^^^^^^^^^^^^^^^^^^^^^^^^^^^^^^^^^^^^^^^^^^^^^^^^
  File "/Users/rayhanjamasi/Downloads/CrewAI Chatbot/crewai_knowledge_chatbot/.venv/lib/python3.12/site-packages/requests/sessions.py", line 589, in request
    resp = self.send(prep, **send_kwargs)
           ^^^^^^^^^^^^^^^^^^^^^^^^^^^^^^
  File "/Users/rayhanjamasi/Downloads/CrewAI Chatbot/crewai_knowledge_chatbot/.venv/lib/python3.12/site-packages/requests/sessions.py", line 703, in send
    r = adapter.send(request, **kwargs)
        ^^^^^^^^^^^^^^^^^^^^^^^^^^^^^^^
  File "/Users/rayhanjamasi/Downloads/CrewAI Chatbot/crewai_knowledge_chatbot/.venv/lib/python3.12/site-packages/requests/adapters.py", line 713, in send
    raise ReadTimeout(e, request=request)
requests.exceptions.ReadTimeout: HTTPSConnectionPool(host='telemetry.crewai.com', port=4319): Read timed out. (read timeout=30)
2025-04-29 18:16:55,345 - WARNING - /Users/rayhanjamasi/Downloads/CrewAI Chatbot/crewai_knowledge_chatbot/.venv/lib/python3.12/site-packages/mem0/client/main.py:32: DeprecationWarning: output_format='v1.0' is deprecated therefore setting it to 'v1.1' by default.Check out the docs for more information: https://docs.mem0.ai/platform/quickstart#4-1-create-memories
  return func(*args, **kwargs)

2025-04-29 18:17:54,320 - WARNING - /Users/rayhanjamasi/Downloads/CrewAI Chatbot/crewai_knowledge_chatbot/.venv/lib/python3.12/site-packages/mem0/client/main.py:32: DeprecationWarning: output_format='v1.0' is deprecated therefore setting it to 'v1.1' by default.Check out the docs for more information: https://docs.mem0.ai/platform/quickstart#4-1-create-memories
  return func(*args, **kwargs)

2025-04-29 18:20:53,694 - WARNING - /Users/rayhanjamasi/Downloads/CrewAI Chatbot/crewai_knowledge_chatbot/.venv/lib/python3.12/site-packages/mem0/client/main.py:32: DeprecationWarning: output_format='v1.0' is deprecated therefore setting it to 'v1.1' by default.Check out the docs for more information: https://docs.mem0.ai/platform/quickstart#4-1-create-memories
  return func(*args, **kwargs)

2025-04-29 18:24:26,558 - WARNING - /Users/rayhanjamasi/Downloads/CrewAI Chatbot/crewai_knowledge_chatbot/.venv/lib/python3.12/site-packages/mem0/client/main.py:32: DeprecationWarning: output_format='v1.0' is deprecated therefore setting it to 'v1.1' by default.Check out the docs for more information: https://docs.mem0.ai/platform/quickstart#4-1-create-memories
  return func(*args, **kwargs)

2025-04-29 18:27:35,263 - WARNING - /Users/rayhanjamasi/Downloads/CrewAI Chatbot/crewai_knowledge_chatbot/.venv/lib/python3.12/site-packages/mem0/client/main.py:32: DeprecationWarning: output_format='v1.0' is deprecated therefore setting it to 'v1.1' by default.Check out the docs for more information: https://docs.mem0.ai/platform/quickstart#4-1-create-memories
  return func(*args, **kwargs)

2025-04-29 18:29:13,294 - WARNING - /Users/rayhanjamasi/Downloads/CrewAI Chatbot/crewai_knowledge_chatbot/.venv/lib/python3.12/site-packages/mem0/client/main.py:32: DeprecationWarning: output_format='v1.0' is deprecated therefore setting it to 'v1.1' by default.Check out the docs for more information: https://docs.mem0.ai/platform/quickstart#4-1-create-memories
  return func(*args, **kwargs)

2025-04-29 18:34:28,445 - WARNING - /Users/rayhanjamasi/Downloads/CrewAI Chatbot/crewai_knowledge_chatbot/.venv/lib/python3.12/site-packages/mem0/client/main.py:32: DeprecationWarning: output_format='v1.0' is deprecated therefore setting it to 'v1.1' by default.Check out the docs for more information: https://docs.mem0.ai/platform/quickstart#4-1-create-memories
  return func(*args, **kwargs)

2025-04-29 19:12:00,646 - WARNING - /Users/rayhanjamasi/Downloads/CrewAI Chatbot/crewai_knowledge_chatbot/.venv/lib/python3.12/site-packages/mem0/client/main.py:32: DeprecationWarning: output_format='v1.0' is deprecated therefore setting it to 'v1.1' by default.Check out the docs for more information: https://docs.mem0.ai/platform/quickstart#4-1-create-memories
  return func(*args, **kwargs)

2025-04-29 19:19:27,187 - WARNING - /Users/rayhanjamasi/Downloads/CrewAI Chatbot/crewai_knowledge_chatbot/.venv/lib/python3.12/site-packages/mem0/client/main.py:32: DeprecationWarning: output_format='v1.0' is deprecated therefore setting it to 'v1.1' by default.Check out the docs for more information: https://docs.mem0.ai/platform/quickstart#4-1-create-memories
  return func(*args, **kwargs)

2025-04-30 08:22:18,382 - INFO - Backing off send_request(...) for 0.9s (requests.exceptions.ReadTimeout: HTTPSConnectionPool(host='us.i.posthog.com', port=443): Read timed out. (read timeout=15))
2025-04-30 08:22:26,661 - WARNING - /Users/rayhanjamasi/Downloads/CrewAI Chatbot/crewai_knowledge_chatbot/.venv/lib/python3.12/site-packages/mem0/client/main.py:32: DeprecationWarning: output_format='v1.0' is deprecated therefore setting it to 'v1.1' by default.Check out the docs for more information: https://docs.mem0.ai/platform/quickstart#4-1-create-memories
  return func(*args, **kwargs)

2025-04-30 08:22:34,537 - ERROR - Exception while exporting Span batch.
Traceback (most recent call last):
  File "/Users/rayhanjamasi/Downloads/CrewAI Chatbot/crewai_knowledge_chatbot/.venv/lib/python3.12/site-packages/urllib3/connectionpool.py", line 534, in _make_request
    response = conn.getresponse()
               ^^^^^^^^^^^^^^^^^^
  File "/Users/rayhanjamasi/Downloads/CrewAI Chatbot/crewai_knowledge_chatbot/.venv/lib/python3.12/site-packages/urllib3/connection.py", line 516, in getresponse
    httplib_response = super().getresponse()
                       ^^^^^^^^^^^^^^^^^^^^^
  File "/Library/Frameworks/Python.framework/Versions/3.12/lib/python3.12/http/client.py", line 1419, in getresponse
    response.begin()
  File "/Library/Frameworks/Python.framework/Versions/3.12/lib/python3.12/http/client.py", line 331, in begin
    version, status, reason = self._read_status()
                              ^^^^^^^^^^^^^^^^^^^
  File "/Library/Frameworks/Python.framework/Versions/3.12/lib/python3.12/http/client.py", line 292, in _read_status
    line = str(self.fp.readline(_MAXLINE + 1), "iso-8859-1")
               ^^^^^^^^^^^^^^^^^^^^^^^^^^^^^^
  File "/Library/Frameworks/Python.framework/Versions/3.12/lib/python3.12/socket.py", line 707, in readinto
    return self._sock.recv_into(b)
           ^^^^^^^^^^^^^^^^^^^^^^^
  File "/Library/Frameworks/Python.framework/Versions/3.12/lib/python3.12/ssl.py", line 1253, in recv_into
    return self.read(nbytes, buffer)
           ^^^^^^^^^^^^^^^^^^^^^^^^^
  File "/Library/Frameworks/Python.framework/Versions/3.12/lib/python3.12/ssl.py", line 1105, in read
    return self._sslobj.read(len, buffer)
           ^^^^^^^^^^^^^^^^^^^^^^^^^^^^^^
TimeoutError: The read operation timed out

The above exception was the direct cause of the following exception:

Traceback (most recent call last):
  File "/Users/rayhanjamasi/Downloads/CrewAI Chatbot/crewai_knowledge_chatbot/.venv/lib/python3.12/site-packages/requests/adapters.py", line 667, in send
    resp = conn.urlopen(
           ^^^^^^^^^^^^^
  File "/Users/rayhanjamasi/Downloads/CrewAI Chatbot/crewai_knowledge_chatbot/.venv/lib/python3.12/site-packages/urllib3/connectionpool.py", line 841, in urlopen
    retries = retries.increment(
              ^^^^^^^^^^^^^^^^^^
  File "/Users/rayhanjamasi/Downloads/CrewAI Chatbot/crewai_knowledge_chatbot/.venv/lib/python3.12/site-packages/urllib3/util/retry.py", line 474, in increment
    raise reraise(type(error), error, _stacktrace)
          ^^^^^^^^^^^^^^^^^^^^^^^^^^^^^^^^^^^^^^^^
  File "/Users/rayhanjamasi/Downloads/CrewAI Chatbot/crewai_knowledge_chatbot/.venv/lib/python3.12/site-packages/urllib3/util/util.py", line 39, in reraise
    raise value
  File "/Users/rayhanjamasi/Downloads/CrewAI Chatbot/crewai_knowledge_chatbot/.venv/lib/python3.12/site-packages/urllib3/connectionpool.py", line 787, in urlopen
    response = self._make_request(
               ^^^^^^^^^^^^^^^^^^^
  File "/Users/rayhanjamasi/Downloads/CrewAI Chatbot/crewai_knowledge_chatbot/.venv/lib/python3.12/site-packages/urllib3/connectionpool.py", line 536, in _make_request
    self._raise_timeout(err=e, url=url, timeout_value=read_timeout)
  File "/Users/rayhanjamasi/Downloads/CrewAI Chatbot/crewai_knowledge_chatbot/.venv/lib/python3.12/site-packages/urllib3/connectionpool.py", line 367, in _raise_timeout
    raise ReadTimeoutError(
urllib3.exceptions.ReadTimeoutError: HTTPSConnectionPool(host='telemetry.crewai.com', port=4319): Read timed out. (read timeout=30)

During handling of the above exception, another exception occurred:

Traceback (most recent call last):
  File "/Users/rayhanjamasi/Downloads/CrewAI Chatbot/crewai_knowledge_chatbot/.venv/lib/python3.12/site-packages/opentelemetry/sdk/trace/export/__init__.py", line 360, in _export_batch
    self.span_exporter.export(self.spans_list[:idx])  # type: ignore
    ^^^^^^^^^^^^^^^^^^^^^^^^^^^^^^^^^^^^^^^^^^^^^^^^
  File "/Users/rayhanjamasi/Downloads/CrewAI Chatbot/crewai_knowledge_chatbot/.venv/lib/python3.12/site-packages/opentelemetry/exporter/otlp/proto/http/trace_exporter/__init__.py", line 189, in export
    return self._export_serialized_spans(serialized_data)
           ^^^^^^^^^^^^^^^^^^^^^^^^^^^^^^^^^^^^^^^^^^^^^^
  File "/Users/rayhanjamasi/Downloads/CrewAI Chatbot/crewai_knowledge_chatbot/.venv/lib/python3.12/site-packages/opentelemetry/exporter/otlp/proto/http/trace_exporter/__init__.py", line 159, in _export_serialized_spans
    resp = self._export(serialized_data)
           ^^^^^^^^^^^^^^^^^^^^^^^^^^^^^
  File "/Users/rayhanjamasi/Downloads/CrewAI Chatbot/crewai_knowledge_chatbot/.venv/lib/python3.12/site-packages/opentelemetry/exporter/otlp/proto/http/trace_exporter/__init__.py", line 133, in _export
    return self._session.post(
           ^^^^^^^^^^^^^^^^^^^
  File "/Users/rayhanjamasi/Downloads/CrewAI Chatbot/crewai_knowledge_chatbot/.venv/lib/python3.12/site-packages/requests/sessions.py", line 637, in post
    return self.request("POST", url, data=data, json=json, **kwargs)
           ^^^^^^^^^^^^^^^^^^^^^^^^^^^^^^^^^^^^^^^^^^^^^^^^^^^^^^^^^
  File "/Users/rayhanjamasi/Downloads/CrewAI Chatbot/crewai_knowledge_chatbot/.venv/lib/python3.12/site-packages/requests/sessions.py", line 589, in request
    resp = self.send(prep, **send_kwargs)
           ^^^^^^^^^^^^^^^^^^^^^^^^^^^^^^
  File "/Users/rayhanjamasi/Downloads/CrewAI Chatbot/crewai_knowledge_chatbot/.venv/lib/python3.12/site-packages/requests/sessions.py", line 703, in send
    r = adapter.send(request, **kwargs)
        ^^^^^^^^^^^^^^^^^^^^^^^^^^^^^^^
  File "/Users/rayhanjamasi/Downloads/CrewAI Chatbot/crewai_knowledge_chatbot/.venv/lib/python3.12/site-packages/requests/adapters.py", line 713, in send
    raise ReadTimeout(e, request=request)
requests.exceptions.ReadTimeout: HTTPSConnectionPool(host='telemetry.crewai.com', port=4319): Read timed out. (read timeout=30)
2025-04-30 08:32:28,119 - WARNING - /Users/rayhanjamasi/Downloads/CrewAI Chatbot/crewai_knowledge_chatbot/.venv/lib/python3.12/site-packages/mem0/client/main.py:32: DeprecationWarning: output_format='v1.0' is deprecated therefore setting it to 'v1.1' by default.Check out the docs for more information: https://docs.mem0.ai/platform/quickstart#4-1-create-memories
  return func(*args, **kwargs)

2025-04-30 12:12:29,387 - WARNING - /Users/rayhanjamasi/Downloads/CrewAI Chatbot/crewai_knowledge_chatbot/.venv/lib/python3.12/site-packages/mem0/client/main.py:32: DeprecationWarning: output_format='v1.0' is deprecated therefore setting it to 'v1.1' by default.Check out the docs for more information: https://docs.mem0.ai/platform/quickstart#4-1-create-memories
  return func(*args, **kwargs)

2025-04-30 12:13:45,605 - WARNING - /Users/rayhanjamasi/Downloads/CrewAI Chatbot/crewai_knowledge_chatbot/.venv/lib/python3.12/site-packages/mem0/client/main.py:32: DeprecationWarning: output_format='v1.0' is deprecated therefore setting it to 'v1.1' by default.Check out the docs for more information: https://docs.mem0.ai/platform/quickstart#4-1-create-memories
  return func(*args, **kwargs)

2025-04-30 13:04:29,192 - WARNING - /Users/rayhanjamasi/Downloads/CrewAI Chatbot/crewai_knowledge_chatbot/.venv/lib/python3.12/site-packages/mem0/client/main.py:32: DeprecationWarning: output_format='v1.0' is deprecated therefore setting it to 'v1.1' by default.Check out the docs for more information: https://docs.mem0.ai/platform/quickstart#4-1-create-memories
  return func(*args, **kwargs)

2025-04-30 13:05:53,465 - WARNING - /Users/rayhanjamasi/Downloads/CrewAI Chatbot/crewai_knowledge_chatbot/.venv/lib/python3.12/site-packages/mem0/client/main.py:32: DeprecationWarning: output_format='v1.0' is deprecated therefore setting it to 'v1.1' by default.Check out the docs for more information: https://docs.mem0.ai/platform/quickstart#4-1-create-memories
  return func(*args, **kwargs)

2025-05-01 14:37:20,572 - WARNING - /Users/rayhanjamasi/Downloads/CrewAI Chatbot/crewai_knowledge_chatbot/.venv/lib/python3.12/site-packages/mem0/client/main.py:32: DeprecationWarning: output_format='v1.0' is deprecated therefore setting it to 'v1.1' by default.Check out the docs for more information: https://docs.mem0.ai/platform/quickstart#4-1-create-memories
  return func(*args, **kwargs)

2025-05-01 14:38:32,652 - WARNING - /Users/rayhanjamasi/Downloads/CrewAI Chatbot/crewai_knowledge_chatbot/.venv/lib/python3.12/site-packages/mem0/client/main.py:32: DeprecationWarning: output_format='v1.0' is deprecated therefore setting it to 'v1.1' by default.Check out the docs for more information: https://docs.mem0.ai/platform/quickstart#4-1-create-memories
  return func(*args, **kwargs)

2025-05-23 13:40:17,141 - WARNING - /Users/rayhanjamasi/Downloads/CrewAI Chatbot/crewai_knowledge_chatbot/.venv/lib/python3.12/site-packages/mem0/client/main.py:32: DeprecationWarning: output_format='v1.0' is deprecated therefore setting it to 'v1.1' by default.Check out the docs for more information: https://docs.mem0.ai/platform/quickstart#4-1-create-memories
  return func(*args, **kwargs)

2025-05-23 13:44:30,895 - WARNING - /Users/rayhanjamasi/Downloads/CrewAI Chatbot/crewai_knowledge_chatbot/.venv/lib/python3.12/site-packages/mem0/client/main.py:32: DeprecationWarning: output_format='v1.0' is deprecated therefore setting it to 'v1.1' by default.Check out the docs for more information: https://docs.mem0.ai/platform/quickstart#4-1-create-memories
  return func(*args, **kwargs)

2025-05-23 13:47:18,738 - WARNING - /Users/rayhanjamasi/Downloads/CrewAI Chatbot/crewai_knowledge_chatbot/.venv/lib/python3.12/site-packages/mem0/client/main.py:32: DeprecationWarning: output_format='v1.0' is deprecated therefore setting it to 'v1.1' by default.Check out the docs for more information: https://docs.mem0.ai/platform/quickstart#4-1-create-memories
  return func(*args, **kwargs)

2025-06-30 09:27:05,308 - WARNING - /Users/rayhanjamasi/Downloads/CrewAI Chatbot/crewai_knowledge_chatbot/.venv/lib/python3.12/site-packages/mem0/client/main.py:32: DeprecationWarning: output_format='v1.0' is deprecated therefore setting it to 'v1.1' by default.Check out the docs for more information: https://docs.mem0.ai/platform/quickstart#4-1-create-memories
  return func(*args, **kwargs)

